[90m2025-09-15T18:55:57.985Z[39m [96mINFO[39m [97m@wdio/browserstack-service[39m BrowserStack service started with id: 9d71d710-cd61-460a-81fb-e7f2b47d9cbb
[90m2025-09-15T18:55:57.988Z[39m [32mDEBUG[39m [97m@wdio/browserstack-service[39m Sending SDK event with data {
  userName: '[REDACTED]',
  accessKey: '[REDACTED]',
  event_type: 'SDKTestAttempted',
  detectedFramework: 'WebdriverIO-mocha',
  event_properties: {
    sdkRunId: '9d71d710-cd61-460a-81fb-e7f2b47d9cbb',
    testhub_uuid: undefined,
    language_framework: 'WebdriverIO_mocha',
    referrer: 'WebdriverIO-mocha/9.19.1',
    language: 'WebdriverIO',
    languageVersion: 'v22.15.0',
    buildName: 'e2e tests',
    buildIdentifier: 'undefined',
    os: 'Linux',
    hostname: 'Mariano',
    productMap: {
      observability: true,
      accessibility: null,
      percy: false,
      automate: true,
      app_automate: false
    },
    product: [ 'observability', 'automate' ],
    framework: 'mocha'
  }
}
[90m2025-09-15T18:55:58.538Z[39m [32mDEBUG[39m [97m@wdio/browserstack-service[39m Funnel Event Response: "{\"message\":\"SDK Event recorded successfully\"}"
[90m2025-09-15T18:55:58.538Z[39m [32mDEBUG[39m [97m@wdio/browserstack-service[39m Funnel event success
[90m2025-09-15T18:55:58.538Z[39m [32mDEBUG[39m [97m@wdio/browserstack-service[39m app is not defined in browserstack-service config, skipping ...
[90m2025-09-15T18:55:58.538Z[39m [33mWARN[39m [97m@wdio/browserstack-service[39m Accessibility Automation will run only on Chrome browsers.
[90m2025-09-15T18:55:58.538Z[39m [32mDEBUG[39m [97m@wdio/browserstack-service[39m Sending launch start event
[90m2025-09-15T18:55:59.413Z[39m [32mDEBUG[39m [97m@wdio/browserstack-service[39m [Start_Build] Success response: {"observability":{"success":true,"options":{"allow_screenshots":true},"code":null,"errors":null,"error_trace_id":null},"accessibility":null,"automate":{"success":true,"options":{"allow_screenshots":true},"code":null,"errors":null,"error_trace_id":null},"turboscale":null,"build_hashed_id":"1rvngl27uyrh2v9sbragqflytrforto2tclwietm","jwt":"eyJhbGciOiJIUzI1NiJ9.eyJpc3MiOiJicm93c2Vyc3RhY2tfb2IiLCJzdWIiOiI5NDk2ODYwIiwiZ3JvdXBfaWQiOjkwNTcwMjksInVzZXJfaWQiOjk0OTY4NjAsImJ1aWxkX2hhc2hlZF9pZCI6IjFydm5nbDI3dXlyaDJ2OXNicmFncWZseXRyZm9ydG8ydGNsd2lldG0iLCJwcm9qZWN0X25hbWUiOiJNb2JpbGUgRXhwbyIsImhvb2tfYXNfdGVzdCI6IjEiLCJidWlsZF9uYW1lIjoidGVzdHMiLCJwcm9kdWN0X21hcCI6IntcIm9ic2VydmFiaWxpdHlcIjp0cnVlLFwiYXV0b21hdGVcIjp0cnVlLFwibm9uU0RLXCI6ZmFsc2UsXCJhY2Nlc3NpYmlsaXR5QXV0b0VuYWJsZWRcIjp0cnVlLFwib3JpZ2luRnJvbVByb2R1Y3RNYXBcIjpcIkF1dG9tYXRlXCIsXCJic3RhY2tBdXRvbWF0aW9uXCI6dHJ1ZSxcImNhZFwiOnRydWV9IiwiZ3JyX3JlZ2lvbiI6IiIsImlzX2xvd192b2x1bWUiOmZhbHNlLCJzaWduaW5nX2tleV9oYXNoIjoiMzdjMTEzMWU0YjJlNzQzYzc2NmUxZDcwYmY1ZjJiNTdkYzY5YjE5NWQzMDBlMzJhZThkMDIzMTIwYTRhNmQ5NyIsImlhdCI6MTc1Nzk2MjU1OSwiZXhwIjoxNzU4MzA4MTU5fQ.RVzBGqX2iVrurbusc2B0T0zopQXTOB_UjcVQd4n0u_Q","discard_build":null,"app_automate":null}
[90m2025-09-15T18:55:59.413Z[39m [96mINFO[39m [97m@wdio/browserstack-service[39m Testhub started with id: 1rvngl27uyrh2v9sbragqflytrforto2tclwietm
[90m2025-09-15T18:55:59.414Z[39m [96mINFO[39m [97m@wdio/browserstack-service[39m browserstackLocal is not enabled - skipping...
[90m2025-09-15T18:56:43.218Z[39m [32mDEBUG[39m [97m@wdio/browserstack-service[39m Skipping method: Console, exists: true, type: function
[90m2025-09-15T18:56:44.419Z[39m [32mDEBUG[39m [97m@wdio/browserstack-service[39m Requesting Browserstack session URL at https://api-cloud.browserstack.com/app-automate/sessions/6abf4ba213981d836552755ee0e149a39a9fef3b.json
[90m2025-09-15T18:56:45.782Z[39m [96mINFO[39m [97m@wdio/browserstack-service[39m  session: https://app-automate.browserstack.com/builds/2495109b0bca0d33ae7d85c1af940b334e45d771/sessions/6abf4ba213981d836552755ee0e149a39a9fef3b
[90m2025-09-15T18:56:45.785Z[39m [96mINFO[39m [97m@wdio/browserstack-service[39m Update job with sessionId 6abf4ba213981d836552755ee0e149a39a9fef3b
[90m2025-09-15T18:56:45.785Z[39m [32mDEBUG[39m [97m@wdio/browserstack-service[39m Updating Browserstack session at https://api-cloud.browserstack.com/app-automate/sessions/6abf4ba213981d836552755ee0e149a39a9fef3b.json with request body: 
[90m2025-09-15T18:56:46.252Z[39m [32mDEBUG[39m [97m@wdio/browserstack-service[39m Got platformVersion from user bstack options
[90m2025-09-15T18:56:46.252Z[39m [32mDEBUG[39m [97m@wdio/browserstack-service[39m Added data to request queue. Queue length = 1
[90m2025-09-15T18:56:46.620Z[39m [32mDEBUG[39m [97m@wdio/browserstack-service[39m Added data to request queue. Queue length = 2
[90m2025-09-15T18:56:47.532Z[39m [32mDEBUG[39m [97m@wdio/browserstack-service[39m Added data to request queue. Queue length = 3
[90m2025-09-15T18:56:47.842Z[39m [32mDEBUG[39m [97m@wdio/browserstack-service[39m Added data to request queue. Queue length = 4
[90m2025-09-15T18:56:48.148Z[39m [32mDEBUG[39m [97m@wdio/browserstack-service[39m Added data to request queue. Queue length = 5
[90m2025-09-15T18:56:48.253Z[39m [32mDEBUG[39m [97m@wdio/browserstack-service[39m Sending data from request queue. Data length = 5, Queue length after removal = 0
[90m2025-09-15T18:56:48.253Z[39m [32mDEBUG[39m [97m@wdio/browserstack-service[39m calling callback with kind INTERVAL_QUEUE
[90m2025-09-15T18:56:48.253Z[39m [32mDEBUG[39m [97m@wdio/browserstack-service[39m callback: called with events 5
[90m2025-09-15T18:56:48.438Z[39m [32mDEBUG[39m [97m@wdio/browserstack-service[39m Added data to request queue. Queue length = 1
[90m2025-09-15T18:56:48.753Z[39m [32mDEBUG[39m [97m@wdio/browserstack-service[39m Added data to request queue. Queue length = 2
[90m2025-09-15T18:56:49.059Z[39m [32mDEBUG[39m [97m@wdio/browserstack-service[39m [BATCH_DATA] Success response: {"success":true}
[90m2025-09-15T18:56:49.059Z[39m [32mDEBUG[39m [97m@wdio/browserstack-service[39m callback: marking events success 5
[90m2025-09-15T18:56:49.067Z[39m [32mDEBUG[39m [97m@wdio/browserstack-service[39m Added data to request queue. Queue length = 3
[90m2025-09-15T18:56:49.381Z[39m [32mDEBUG[39m [97m@wdio/browserstack-service[39m Added data to request queue. Queue length = 4
[90m2025-09-15T18:56:49.691Z[39m [32mDEBUG[39m [97m@wdio/browserstack-service[39m Added data to request queue. Queue length = 5
[90m2025-09-15T18:56:50.013Z[39m [32mDEBUG[39m [97m@wdio/browserstack-service[39m Added data to request queue. Queue length = 6
[90m2025-09-15T18:56:50.253Z[39m [32mDEBUG[39m [97m@wdio/browserstack-service[39m Sending data from request queue. Data length = 6, Queue length after removal = 0
[90m2025-09-15T18:56:50.253Z[39m [32mDEBUG[39m [97m@wdio/browserstack-service[39m calling callback with kind INTERVAL_QUEUE
[90m2025-09-15T18:56:50.253Z[39m [32mDEBUG[39m [97m@wdio/browserstack-service[39m callback: called with events 6
[90m2025-09-15T18:56:50.333Z[39m [32mDEBUG[39m [97m@wdio/browserstack-service[39m Added data to request queue. Queue length = 1
[90m2025-09-15T18:56:50.447Z[39m [32mDEBUG[39m [97m@wdio/browserstack-service[39m [BATCH_DATA] Success response: {"success":true}
[90m2025-09-15T18:56:50.448Z[39m [32mDEBUG[39m [97m@wdio/browserstack-service[39m callback: marking events success 6
[90m2025-09-15T18:56:50.636Z[39m [32mDEBUG[39m [97m@wdio/browserstack-service[39m Added data to request queue. Queue length = 2
[90m2025-09-15T18:56:50.959Z[39m [32mDEBUG[39m [97m@wdio/browserstack-service[39m Added data to request queue. Queue length = 3
[90m2025-09-15T18:56:51.313Z[39m [32mDEBUG[39m [97m@wdio/browserstack-service[39m Added data to request queue. Queue length = 4
[90m2025-09-15T18:56:51.603Z[39m [32mDEBUG[39m [97m@wdio/browserstack-service[39m Added data to request queue. Queue length = 5
[90m2025-09-15T18:56:51.901Z[39m [32mDEBUG[39m [97m@wdio/browserstack-service[39m Added data to request queue. Queue length = 6
[90m2025-09-15T18:56:52.219Z[39m [32mDEBUG[39m [97m@wdio/browserstack-service[39m Added data to request queue. Queue length = 7
[90m2025-09-15T18:56:52.253Z[39m [32mDEBUG[39m [97m@wdio/browserstack-service[39m Sending data from request queue. Data length = 7, Queue length after removal = 0
[90m2025-09-15T18:56:52.253Z[39m [32mDEBUG[39m [97m@wdio/browserstack-service[39m calling callback with kind INTERVAL_QUEUE
[90m2025-09-15T18:56:52.253Z[39m [32mDEBUG[39m [97m@wdio/browserstack-service[39m callback: called with events 7
[90m2025-09-15T18:56:52.475Z[39m [32mDEBUG[39m [97m@wdio/browserstack-service[39m [BATCH_DATA] Success response: {"success":true}
[90m2025-09-15T18:56:52.476Z[39m [32mDEBUG[39m [97m@wdio/browserstack-service[39m callback: marking events success 7
[90m2025-09-15T18:56:52.525Z[39m [32mDEBUG[39m [97m@wdio/browserstack-service[39m Added data to request queue. Queue length = 1
[90m2025-09-15T18:56:52.834Z[39m [32mDEBUG[39m [97m@wdio/browserstack-service[39m Added data to request queue. Queue length = 2
[90m2025-09-15T18:56:53.198Z[39m [32mDEBUG[39m [97m@wdio/browserstack-service[39m Added data to request queue. Queue length = 3
[90m2025-09-15T18:56:53.496Z[39m [32mDEBUG[39m [97m@wdio/browserstack-service[39m Added data to request queue. Queue length = 4
[90m2025-09-15T18:56:53.812Z[39m [32mDEBUG[39m [97m@wdio/browserstack-service[39m Added data to request queue. Queue length = 5
[90m2025-09-15T18:56:54.112Z[39m [32mDEBUG[39m [97m@wdio/browserstack-service[39m Added data to request queue. Queue length = 6
[90m2025-09-15T18:56:54.253Z[39m [32mDEBUG[39m [97m@wdio/browserstack-service[39m Sending data from request queue. Data length = 6, Queue length after removal = 0
[90m2025-09-15T18:56:54.253Z[39m [32mDEBUG[39m [97m@wdio/browserstack-service[39m calling callback with kind INTERVAL_QUEUE
[90m2025-09-15T18:56:54.253Z[39m [32mDEBUG[39m [97m@wdio/browserstack-service[39m callback: called with events 6
[90m2025-09-15T18:56:54.422Z[39m [32mDEBUG[39m [97m@wdio/browserstack-service[39m Added data to request queue. Queue length = 1
[90m2025-09-15T18:56:54.451Z[39m [32mDEBUG[39m [97m@wdio/browserstack-service[39m [BATCH_DATA] Success response: {"success":true}
[90m2025-09-15T18:56:54.451Z[39m [32mDEBUG[39m [97m@wdio/browserstack-service[39m callback: marking events success 6
[90m2025-09-15T18:56:54.726Z[39m [32mDEBUG[39m [97m@wdio/browserstack-service[39m Added data to request queue. Queue length = 2
[90m2025-09-15T18:56:55.038Z[39m [32mDEBUG[39m [97m@wdio/browserstack-service[39m Added data to request queue. Queue length = 3
[90m2025-09-15T18:56:55.332Z[39m [32mDEBUG[39m [97m@wdio/browserstack-service[39m Added data to request queue. Queue length = 4
[90m2025-09-15T18:56:55.639Z[39m [32mDEBUG[39m [97m@wdio/browserstack-service[39m Added data to request queue. Queue length = 5
[90m2025-09-15T18:56:55.931Z[39m [32mDEBUG[39m [97m@wdio/browserstack-service[39m Added data to request queue. Queue length = 6
[90m2025-09-15T18:56:56.253Z[39m [32mDEBUG[39m [97m@wdio/browserstack-service[39m Sending data from request queue. Data length = 6, Queue length after removal = 0
[90m2025-09-15T18:56:56.253Z[39m [32mDEBUG[39m [97m@wdio/browserstack-service[39m calling callback with kind INTERVAL_QUEUE
[90m2025-09-15T18:56:56.253Z[39m [32mDEBUG[39m [97m@wdio/browserstack-service[39m callback: called with events 6
[90m2025-09-15T18:56:56.274Z[39m [32mDEBUG[39m [97m@wdio/browserstack-service[39m Added data to request queue. Queue length = 1
[90m2025-09-15T18:56:56.493Z[39m [32mDEBUG[39m [97m@wdio/browserstack-service[39m [BATCH_DATA] Success response: {"success":true}
[90m2025-09-15T18:56:56.493Z[39m [32mDEBUG[39m [97m@wdio/browserstack-service[39m callback: marking events success 6
[90m2025-09-15T18:56:56.607Z[39m [32mDEBUG[39m [97m@wdio/browserstack-service[39m Added data to request queue. Queue length = 2
[90m2025-09-15T18:56:56.908Z[39m [32mDEBUG[39m [97m@wdio/browserstack-service[39m Added data to request queue. Queue length = 3
[90m2025-09-15T18:56:57.203Z[39m [32mDEBUG[39m [97m@wdio/browserstack-service[39m Added data to request queue. Queue length = 4
[90m2025-09-15T18:56:57.518Z[39m [32mDEBUG[39m [97m@wdio/browserstack-service[39m Added data to request queue. Queue length = 5
[90m2025-09-15T18:56:57.826Z[39m [32mDEBUG[39m [97m@wdio/browserstack-service[39m Added data to request queue. Queue length = 6
[90m2025-09-15T18:56:58.136Z[39m [32mDEBUG[39m [97m@wdio/browserstack-service[39m Added data to request queue. Queue length = 7
[90m2025-09-15T18:56:58.254Z[39m [32mDEBUG[39m [97m@wdio/browserstack-service[39m Sending data from request queue. Data length = 7, Queue length after removal = 0
[90m2025-09-15T18:56:58.254Z[39m [32mDEBUG[39m [97m@wdio/browserstack-service[39m calling callback with kind INTERVAL_QUEUE
[90m2025-09-15T18:56:58.254Z[39m [32mDEBUG[39m [97m@wdio/browserstack-service[39m callback: called with events 7
[90m2025-09-15T18:56:58.478Z[39m [32mDEBUG[39m [97m@wdio/browserstack-service[39m [BATCH_DATA] Success response: {"success":true}
[90m2025-09-15T18:56:58.478Z[39m [32mDEBUG[39m [97m@wdio/browserstack-service[39m callback: marking events success 7
[90m2025-09-15T18:56:58.856Z[39m [32mDEBUG[39m [97m@wdio/browserstack-service[39m Added data to request queue. Queue length = 1
[90m2025-09-15T18:56:59.162Z[39m [32mDEBUG[39m [97m@wdio/browserstack-service[39m Added data to request queue. Queue length = 2
[90m2025-09-15T18:56:59.454Z[39m [32mDEBUG[39m [97m@wdio/browserstack-service[39m Added data to request queue. Queue length = 3
[90m2025-09-15T18:56:59.759Z[39m [32mDEBUG[39m [97m@wdio/browserstack-service[39m Added data to request queue. Queue length = 4
[90m2025-09-15T18:57:00.060Z[39m [32mDEBUG[39m [97m@wdio/browserstack-service[39m Added data to request queue. Queue length = 5
[90m2025-09-15T18:57:00.254Z[39m [32mDEBUG[39m [97m@wdio/browserstack-service[39m Sending data from request queue. Data length = 5, Queue length after removal = 0
[90m2025-09-15T18:57:00.254Z[39m [32mDEBUG[39m [97m@wdio/browserstack-service[39m calling callback with kind INTERVAL_QUEUE
[90m2025-09-15T18:57:00.254Z[39m [32mDEBUG[39m [97m@wdio/browserstack-service[39m callback: called with events 5
[90m2025-09-15T18:57:00.376Z[39m [32mDEBUG[39m [97m@wdio/browserstack-service[39m Added data to request queue. Queue length = 1
[90m2025-09-15T18:57:00.483Z[39m [32mDEBUG[39m [97m@wdio/browserstack-service[39m [BATCH_DATA] Success response: {"success":true}
[90m2025-09-15T18:57:00.483Z[39m [32mDEBUG[39m [97m@wdio/browserstack-service[39m callback: marking events success 5
[90m2025-09-15T18:57:00.691Z[39m [32mDEBUG[39m [97m@wdio/browserstack-service[39m Added data to request queue. Queue length = 2
[90m2025-09-15T18:57:00.997Z[39m [32mDEBUG[39m [97m@wdio/browserstack-service[39m Added data to request queue. Queue length = 3
[90m2025-09-15T18:57:01.303Z[39m [32mDEBUG[39m [97m@wdio/browserstack-service[39m Added data to request queue. Queue length = 4
[90m2025-09-15T18:57:01.607Z[39m [32mDEBUG[39m [97m@wdio/browserstack-service[39m Added data to request queue. Queue length = 5
[90m2025-09-15T18:57:01.934Z[39m [32mDEBUG[39m [97m@wdio/browserstack-service[39m Added data to request queue. Queue length = 6
[90m2025-09-15T18:57:02.240Z[39m [32mDEBUG[39m [97m@wdio/browserstack-service[39m Added data to request queue. Queue length = 7
[90m2025-09-15T18:57:02.255Z[39m [32mDEBUG[39m [97m@wdio/browserstack-service[39m Sending data from request queue. Data length = 7, Queue length after removal = 0
[90m2025-09-15T18:57:02.255Z[39m [32mDEBUG[39m [97m@wdio/browserstack-service[39m calling callback with kind INTERVAL_QUEUE
[90m2025-09-15T18:57:02.255Z[39m [32mDEBUG[39m [97m@wdio/browserstack-service[39m callback: called with events 7
[90m2025-09-15T18:57:02.589Z[39m [32mDEBUG[39m [97m@wdio/browserstack-service[39m Added data to request queue. Queue length = 1
[90m2025-09-15T18:57:02.819Z[39m [32mDEBUG[39m [97m@wdio/browserstack-service[39m [BATCH_DATA] Success response: {"success":true}
[90m2025-09-15T18:57:02.819Z[39m [32mDEBUG[39m [97m@wdio/browserstack-service[39m callback: marking events success 7
[90m2025-09-15T18:57:02.891Z[39m [32mDEBUG[39m [97m@wdio/browserstack-service[39m Added data to request queue. Queue length = 2
[90m2025-09-15T18:57:03.202Z[39m [32mDEBUG[39m [97m@wdio/browserstack-service[39m Added data to request queue. Queue length = 3
[90m2025-09-15T18:57:03.494Z[39m [32mDEBUG[39m [97m@wdio/browserstack-service[39m Added data to request queue. Queue length = 4
[90m2025-09-15T18:57:03.795Z[39m [32mDEBUG[39m [97m@wdio/browserstack-service[39m Added data to request queue. Queue length = 5
[90m2025-09-15T18:57:04.096Z[39m [32mDEBUG[39m [97m@wdio/browserstack-service[39m Added data to request queue. Queue length = 6
[90m2025-09-15T18:57:04.255Z[39m [32mDEBUG[39m [97m@wdio/browserstack-service[39m Sending data from request queue. Data length = 6, Queue length after removal = 0
[90m2025-09-15T18:57:04.255Z[39m [32mDEBUG[39m [97m@wdio/browserstack-service[39m calling callback with kind INTERVAL_QUEUE
[90m2025-09-15T18:57:04.255Z[39m [32mDEBUG[39m [97m@wdio/browserstack-service[39m callback: called with events 6
[90m2025-09-15T18:57:04.391Z[39m [32mDEBUG[39m [97m@wdio/browserstack-service[39m Added data to request queue. Queue length = 1
[90m2025-09-15T18:57:04.476Z[39m [32mDEBUG[39m [97m@wdio/browserstack-service[39m [BATCH_DATA] Success response: {"success":true}
[90m2025-09-15T18:57:04.476Z[39m [32mDEBUG[39m [97m@wdio/browserstack-service[39m callback: marking events success 6
[90m2025-09-15T18:57:04.696Z[39m [32mDEBUG[39m [97m@wdio/browserstack-service[39m Added data to request queue. Queue length = 2
[90m2025-09-15T18:57:04.991Z[39m [32mDEBUG[39m [97m@wdio/browserstack-service[39m Added data to request queue. Queue length = 3
[90m2025-09-15T18:57:05.303Z[39m [32mDEBUG[39m [97m@wdio/browserstack-service[39m Added data to request queue. Queue length = 4
[90m2025-09-15T18:57:05.600Z[39m [32mDEBUG[39m [97m@wdio/browserstack-service[39m Added data to request queue. Queue length = 5
[90m2025-09-15T18:57:05.912Z[39m [32mDEBUG[39m [97m@wdio/browserstack-service[39m Added data to request queue. Queue length = 6
[90m2025-09-15T18:57:06.212Z[39m [32mDEBUG[39m [97m@wdio/browserstack-service[39m Added data to request queue. Queue length = 7
[90m2025-09-15T18:57:06.255Z[39m [32mDEBUG[39m [97m@wdio/browserstack-service[39m Sending data from request queue. Data length = 7, Queue length after removal = 0
[90m2025-09-15T18:57:06.255Z[39m [32mDEBUG[39m [97m@wdio/browserstack-service[39m calling callback with kind INTERVAL_QUEUE
[90m2025-09-15T18:57:06.255Z[39m [32mDEBUG[39m [97m@wdio/browserstack-service[39m callback: called with events 7
[90m2025-09-15T18:57:06.455Z[39m [32mDEBUG[39m [97m@wdio/browserstack-service[39m [BATCH_DATA] Success response: {"success":true}
[90m2025-09-15T18:57:06.455Z[39m [32mDEBUG[39m [97m@wdio/browserstack-service[39m callback: marking events success 7
[90m2025-09-15T18:57:06.506Z[39m [32mDEBUG[39m [97m@wdio/browserstack-service[39m Added data to request queue. Queue length = 1
[90m2025-09-15T18:57:06.794Z[39m [32mDEBUG[39m [97m@wdio/browserstack-service[39m Added data to request queue. Queue length = 2
[90m2025-09-15T18:57:07.077Z[39m [32mDEBUG[39m [97m@wdio/browserstack-service[39m Added data to request queue. Queue length = 3
[90m2025-09-15T18:57:07.378Z[39m [32mDEBUG[39m [97m@wdio/browserstack-service[39m Added data to request queue. Queue length = 4
[90m2025-09-15T18:57:07.668Z[39m [32mDEBUG[39m [97m@wdio/browserstack-service[39m Added data to request queue. Queue length = 5
[90m2025-09-15T18:57:08.070Z[39m [32mDEBUG[39m [97m@wdio/browserstack-service[39m Added data to request queue. Queue length = 6
[90m2025-09-15T18:57:08.256Z[39m [32mDEBUG[39m [97m@wdio/browserstack-service[39m Sending data from request queue. Data length = 6, Queue length after removal = 0
[90m2025-09-15T18:57:08.256Z[39m [32mDEBUG[39m [97m@wdio/browserstack-service[39m calling callback with kind INTERVAL_QUEUE
[90m2025-09-15T18:57:08.256Z[39m [32mDEBUG[39m [97m@wdio/browserstack-service[39m callback: called with events 6
[90m2025-09-15T18:57:08.379Z[39m [32mDEBUG[39m [97m@wdio/browserstack-service[39m Added data to request queue. Queue length = 1
[90m2025-09-15T18:57:08.663Z[39m [32mDEBUG[39m [97m@wdio/browserstack-service[39m [BATCH_DATA] Success response: {"success":true}
[90m2025-09-15T18:57:08.664Z[39m [32mDEBUG[39m [97m@wdio/browserstack-service[39m callback: marking events success 6
[90m2025-09-15T18:57:08.678Z[39m [32mDEBUG[39m [97m@wdio/browserstack-service[39m Added data to request queue. Queue length = 2
[90m2025-09-15T18:57:08.982Z[39m [32mDEBUG[39m [97m@wdio/browserstack-service[39m Added data to request queue. Queue length = 3
[90m2025-09-15T18:57:09.297Z[39m [32mDEBUG[39m [97m@wdio/browserstack-service[39m Added data to request queue. Queue length = 4
[90m2025-09-15T18:57:09.607Z[39m [32mDEBUG[39m [97m@wdio/browserstack-service[39m Added data to request queue. Queue length = 5
[90m2025-09-15T18:57:09.902Z[39m [32mDEBUG[39m [97m@wdio/browserstack-service[39m Added data to request queue. Queue length = 6
[90m2025-09-15T18:57:10.201Z[39m [32mDEBUG[39m [97m@wdio/browserstack-service[39m Added data to request queue. Queue length = 7
[90m2025-09-15T18:57:10.256Z[39m [32mDEBUG[39m [97m@wdio/browserstack-service[39m Sending data from request queue. Data length = 7, Queue length after removal = 0
[90m2025-09-15T18:57:10.256Z[39m [32mDEBUG[39m [97m@wdio/browserstack-service[39m calling callback with kind INTERVAL_QUEUE
[90m2025-09-15T18:57:10.256Z[39m [32mDEBUG[39m [97m@wdio/browserstack-service[39m callback: called with events 7
[90m2025-09-15T18:57:10.460Z[39m [32mDEBUG[39m [97m@wdio/browserstack-service[39m [BATCH_DATA] Success response: {"success":true}
[90m2025-09-15T18:57:10.460Z[39m [32mDEBUG[39m [97m@wdio/browserstack-service[39m callback: marking events success 7
[90m2025-09-15T18:57:10.489Z[39m [32mDEBUG[39m [97m@wdio/browserstack-service[39m Added data to request queue. Queue length = 1
[90m2025-09-15T18:57:10.784Z[39m [32mDEBUG[39m [97m@wdio/browserstack-service[39m Added data to request queue. Queue length = 2
[90m2025-09-15T18:57:11.090Z[39m [32mDEBUG[39m [97m@wdio/browserstack-service[39m Added data to request queue. Queue length = 3
[90m2025-09-15T18:57:11.434Z[39m [32mDEBUG[39m [97m@wdio/browserstack-service[39m Added data to request queue. Queue length = 4
[90m2025-09-15T18:57:11.731Z[39m [32mDEBUG[39m [97m@wdio/browserstack-service[39m Added data to request queue. Queue length = 5
[90m2025-09-15T18:57:12.059Z[39m [32mDEBUG[39m [97m@wdio/browserstack-service[39m Added data to request queue. Queue length = 6
[90m2025-09-15T18:57:12.257Z[39m [32mDEBUG[39m [97m@wdio/browserstack-service[39m Sending data from request queue. Data length = 6, Queue length after removal = 0
[90m2025-09-15T18:57:12.257Z[39m [32mDEBUG[39m [97m@wdio/browserstack-service[39m calling callback with kind INTERVAL_QUEUE
[90m2025-09-15T18:57:12.257Z[39m [32mDEBUG[39m [97m@wdio/browserstack-service[39m callback: called with events 6
[90m2025-09-15T18:57:12.345Z[39m [32mDEBUG[39m [97m@wdio/browserstack-service[39m Added data to request queue. Queue length = 1
[90m2025-09-15T18:57:12.478Z[39m [32mDEBUG[39m [97m@wdio/browserstack-service[39m [BATCH_DATA] Success response: {"success":true}
[90m2025-09-15T18:57:12.478Z[39m [32mDEBUG[39m [97m@wdio/browserstack-service[39m callback: marking events success 6
[90m2025-09-15T18:57:12.651Z[39m [32mDEBUG[39m [97m@wdio/browserstack-service[39m Added data to request queue. Queue length = 2
[90m2025-09-15T18:57:12.998Z[39m [32mDEBUG[39m [97m@wdio/browserstack-service[39m Added data to request queue. Queue length = 3
[90m2025-09-15T18:57:13.509Z[39m [32mDEBUG[39m [97m@wdio/browserstack-service[39m Added data to request queue. Queue length = 4
[90m2025-09-15T18:57:14.257Z[39m [32mDEBUG[39m [97m@wdio/browserstack-service[39m Sending data from request queue. Data length = 4, Queue length after removal = 0
[90m2025-09-15T18:57:14.257Z[39m [32mDEBUG[39m [97m@wdio/browserstack-service[39m calling callback with kind INTERVAL_QUEUE
[90m2025-09-15T18:57:14.257Z[39m [32mDEBUG[39m [97m@wdio/browserstack-service[39m callback: called with events 4
[90m2025-09-15T18:57:14.566Z[39m [32mDEBUG[39m [97m@wdio/browserstack-service[39m [BATCH_DATA] Success response: {"success":true}
[90m2025-09-15T18:57:14.566Z[39m [32mDEBUG[39m [97m@wdio/browserstack-service[39m callback: marking events success 4
[90m2025-09-15T18:57:14.906Z[39m [32mDEBUG[39m [97m@wdio/browserstack-service[39m Added data to request queue. Queue length = 1
[90m2025-09-15T18:57:15.710Z[39m [32mDEBUG[39m [97m@wdio/browserstack-service[39m Added data to request queue. Queue length = 2
[90m2025-09-15T18:57:16.057Z[39m [32mDEBUG[39m [97m@wdio/browserstack-service[39m Added data to request queue. Queue length = 3
[90m2025-09-15T18:57:16.258Z[39m [32mDEBUG[39m [97m@wdio/browserstack-service[39m Sending data from request queue. Data length = 3, Queue length after removal = 0
[90m2025-09-15T18:57:16.258Z[39m [32mDEBUG[39m [97m@wdio/browserstack-service[39m calling callback with kind INTERVAL_QUEUE
[90m2025-09-15T18:57:16.258Z[39m [32mDEBUG[39m [97m@wdio/browserstack-service[39m callback: called with events 3
[90m2025-09-15T18:57:16.439Z[39m [32mDEBUG[39m [97m@wdio/browserstack-service[39m Added data to request queue. Queue length = 1
[90m2025-09-15T18:57:16.457Z[39m [32mDEBUG[39m [97m@wdio/browserstack-service[39m [BATCH_DATA] Success response: {"success":true}
[90m2025-09-15T18:57:16.457Z[39m [32mDEBUG[39m [97m@wdio/browserstack-service[39m callback: marking events success 3
[90m2025-09-15T18:57:16.864Z[39m [32mDEBUG[39m [97m@wdio/browserstack-service[39m Added data to request queue. Queue length = 2
[90m2025-09-15T18:57:17.601Z[39m [32mDEBUG[39m [97m@wdio/browserstack-service[39m Added data to request queue. Queue length = 3
[90m2025-09-15T18:57:17.931Z[39m [32mDEBUG[39m [97m@wdio/browserstack-service[39m Added data to request queue. Queue length = 4
[90m2025-09-15T18:57:18.259Z[39m [32mDEBUG[39m [97m@wdio/browserstack-service[39m Sending data from request queue. Data length = 4, Queue length after removal = 0
[90m2025-09-15T18:57:18.259Z[39m [32mDEBUG[39m [97m@wdio/browserstack-service[39m calling callback with kind INTERVAL_QUEUE
[90m2025-09-15T18:57:18.259Z[39m [32mDEBUG[39m [97m@wdio/browserstack-service[39m callback: called with events 4
[90m2025-09-15T18:57:18.333Z[39m [32mDEBUG[39m [97m@wdio/browserstack-service[39m Added data to request queue. Queue length = 1
[90m2025-09-15T18:57:18.458Z[39m [32mDEBUG[39m [97m@wdio/browserstack-service[39m [BATCH_DATA] Success response: {"success":true}
[90m2025-09-15T18:57:18.458Z[39m [32mDEBUG[39m [97m@wdio/browserstack-service[39m callback: marking events success 4
[90m2025-09-15T18:57:18.685Z[39m [32mDEBUG[39m [97m@wdio/browserstack-service[39m Added data to request queue. Queue length = 2
[90m2025-09-15T18:57:19.434Z[39m [32mDEBUG[39m [97m@wdio/browserstack-service[39m Added data to request queue. Queue length = 3
[90m2025-09-15T18:57:20.112Z[39m [32mDEBUG[39m [97m@wdio/browserstack-service[39m Added data to request queue. Queue length = 4
[90m2025-09-15T18:57:20.260Z[39m [32mDEBUG[39m [97m@wdio/browserstack-service[39m Sending data from request queue. Data length = 4, Queue length after removal = 0
[90m2025-09-15T18:57:20.260Z[39m [32mDEBUG[39m [97m@wdio/browserstack-service[39m calling callback with kind INTERVAL_QUEUE
[90m2025-09-15T18:57:20.260Z[39m [32mDEBUG[39m [97m@wdio/browserstack-service[39m callback: called with events 4
[90m2025-09-15T18:57:20.452Z[39m [32mDEBUG[39m [97m@wdio/browserstack-service[39m [BATCH_DATA] Success response: {"success":true}
[90m2025-09-15T18:57:20.452Z[39m [32mDEBUG[39m [97m@wdio/browserstack-service[39m callback: marking events success 4
[90m2025-09-15T18:57:20.638Z[39m [32mDEBUG[39m [97m@wdio/browserstack-service[39m Added data to request queue. Queue length = 1
[90m2025-09-15T18:57:21.226Z[39m [32mDEBUG[39m [97m@wdio/browserstack-service[39m Added data to request queue. Queue length = 2
[90m2025-09-15T18:57:22.008Z[39m [32mDEBUG[39m [97m@wdio/browserstack-service[39m Added data to request queue. Queue length = 3
[90m2025-09-15T18:57:22.261Z[39m [32mDEBUG[39m [97m@wdio/browserstack-service[39m Sending data from request queue. Data length = 3, Queue length after removal = 0
[90m2025-09-15T18:57:22.261Z[39m [32mDEBUG[39m [97m@wdio/browserstack-service[39m calling callback with kind INTERVAL_QUEUE
[90m2025-09-15T18:57:22.261Z[39m [32mDEBUG[39m [97m@wdio/browserstack-service[39m callback: called with events 3
[90m2025-09-15T18:57:22.364Z[39m [32mDEBUG[39m [97m@wdio/browserstack-service[39m Added data to request queue. Queue length = 1
[90m2025-09-15T18:57:22.439Z[39m [32mDEBUG[39m [97m@wdio/browserstack-service[39m [BATCH_DATA] Success response: {"success":true}
[90m2025-09-15T18:57:22.440Z[39m [32mDEBUG[39m [97m@wdio/browserstack-service[39m callback: marking events success 3
[90m2025-09-15T18:57:22.741Z[39m [32mDEBUG[39m [97m@wdio/browserstack-service[39m Added data to request queue. Queue length = 2
[90m2025-09-15T18:57:23.086Z[39m [32mDEBUG[39m [97m@wdio/browserstack-service[39m Added data to request queue. Queue length = 3
[90m2025-09-15T18:57:23.455Z[39m [32mDEBUG[39m [97m@wdio/browserstack-service[39m Added data to request queue. Queue length = 4
[90m2025-09-15T18:57:23.837Z[39m [32mDEBUG[39m [97m@wdio/browserstack-service[39m Added data to request queue. Queue length = 5
[90m2025-09-15T18:57:24.259Z[39m [32mDEBUG[39m [97m@wdio/browserstack-service[39m Added data to request queue. Queue length = 6
[90m2025-09-15T18:57:24.261Z[39m [32mDEBUG[39m [97m@wdio/browserstack-service[39m Sending data from request queue. Data length = 6, Queue length after removal = 0
[90m2025-09-15T18:57:24.261Z[39m [32mDEBUG[39m [97m@wdio/browserstack-service[39m calling callback with kind INTERVAL_QUEUE
[90m2025-09-15T18:57:24.261Z[39m [32mDEBUG[39m [97m@wdio/browserstack-service[39m callback: called with events 6
[90m2025-09-15T18:57:24.450Z[39m [32mDEBUG[39m [97m@wdio/browserstack-service[39m [BATCH_DATA] Success response: {"success":true}
[90m2025-09-15T18:57:24.450Z[39m [32mDEBUG[39m [97m@wdio/browserstack-service[39m callback: marking events success 6
[90m2025-09-15T18:57:24.661Z[39m [32mDEBUG[39m [97m@wdio/browserstack-service[39m Added data to request queue. Queue length = 1
[90m2025-09-15T18:57:25.376Z[39m [32mDEBUG[39m [97m@wdio/browserstack-service[39m Added data to request queue. Queue length = 2
[90m2025-09-15T18:57:25.893Z[39m [32mDEBUG[39m [97m@wdio/browserstack-service[39m Added data to request queue. Queue length = 3
[90m2025-09-15T18:57:26.262Z[39m [32mDEBUG[39m [97m@wdio/browserstack-service[39m Sending data from request queue. Data length = 3, Queue length after removal = 0
[90m2025-09-15T18:57:26.262Z[39m [32mDEBUG[39m [97m@wdio/browserstack-service[39m calling callback with kind INTERVAL_QUEUE
[90m2025-09-15T18:57:26.262Z[39m [32mDEBUG[39m [97m@wdio/browserstack-service[39m callback: called with events 3
[90m2025-09-15T18:57:26.421Z[39m [32mDEBUG[39m [97m@wdio/browserstack-service[39m Added data to request queue. Queue length = 1
[90m2025-09-15T18:57:26.483Z[39m [32mDEBUG[39m [97m@wdio/browserstack-service[39m [BATCH_DATA] Success response: {"success":true}
[90m2025-09-15T18:57:26.483Z[39m [32mDEBUG[39m [97m@wdio/browserstack-service[39m callback: marking events success 3
[90m2025-09-15T18:57:26.878Z[39m [32mDEBUG[39m [97m@wdio/browserstack-service[39m Added data to request queue. Queue length = 2
[90m2025-09-15T18:57:27.681Z[39m [32mDEBUG[39m [97m@wdio/browserstack-service[39m Added data to request queue. Queue length = 3
[90m2025-09-15T18:57:28.205Z[39m [32mDEBUG[39m [97m@wdio/browserstack-service[39m Added data to request queue. Queue length = 4
[90m2025-09-15T18:57:28.262Z[39m [32mDEBUG[39m [97m@wdio/browserstack-service[39m Sending data from request queue. Data length = 4, Queue length after removal = 0
[90m2025-09-15T18:57:28.262Z[39m [32mDEBUG[39m [97m@wdio/browserstack-service[39m calling callback with kind INTERVAL_QUEUE
[90m2025-09-15T18:57:28.262Z[39m [32mDEBUG[39m [97m@wdio/browserstack-service[39m callback: called with events 4
[90m2025-09-15T18:57:28.485Z[39m [32mDEBUG[39m [97m@wdio/browserstack-service[39m [BATCH_DATA] Success response: {"success":true}
[90m2025-09-15T18:57:28.485Z[39m [32mDEBUG[39m [97m@wdio/browserstack-service[39m callback: marking events success 4
[90m2025-09-15T18:57:28.734Z[39m [32mDEBUG[39m [97m@wdio/browserstack-service[39m Added data to request queue. Queue length = 1
[90m2025-09-15T18:57:30.198Z[39m [32mDEBUG[39m [97m@wdio/browserstack-service[39m Added data to request queue. Queue length = 2
[90m2025-09-15T18:57:30.262Z[39m [32mDEBUG[39m [97m@wdio/browserstack-service[39m Sending data from request queue. Data length = 2, Queue length after removal = 0
[90m2025-09-15T18:57:30.262Z[39m [32mDEBUG[39m [97m@wdio/browserstack-service[39m calling callback with kind INTERVAL_QUEUE
[90m2025-09-15T18:57:30.262Z[39m [32mDEBUG[39m [97m@wdio/browserstack-service[39m callback: called with events 2
[90m2025-09-15T18:57:30.479Z[39m [32mDEBUG[39m [97m@wdio/browserstack-service[39m [BATCH_DATA] Success response: {"success":true}
[90m2025-09-15T18:57:30.479Z[39m [32mDEBUG[39m [97m@wdio/browserstack-service[39m callback: marking events success 2
[90m2025-09-15T18:57:30.743Z[39m [32mDEBUG[39m [97m@wdio/browserstack-service[39m Added data to request queue. Queue length = 1
[90m2025-09-15T18:57:31.295Z[39m [32mDEBUG[39m [97m@wdio/browserstack-service[39m Added data to request queue. Queue length = 2
[90m2025-09-15T18:57:31.840Z[39m [32mDEBUG[39m [97m@wdio/browserstack-service[39m Added data to request queue. Queue length = 3
[90m2025-09-15T18:57:32.263Z[39m [32mDEBUG[39m [97m@wdio/browserstack-service[39m Sending data from request queue. Data length = 3, Queue length after removal = 0
[90m2025-09-15T18:57:32.263Z[39m [32mDEBUG[39m [97m@wdio/browserstack-service[39m calling callback with kind INTERVAL_QUEUE
[90m2025-09-15T18:57:32.263Z[39m [32mDEBUG[39m [97m@wdio/browserstack-service[39m callback: called with events 3
[90m2025-09-15T18:57:32.387Z[39m [32mDEBUG[39m [97m@wdio/browserstack-service[39m Added data to request queue. Queue length = 1
[90m2025-09-15T18:57:32.477Z[39m [32mDEBUG[39m [97m@wdio/browserstack-service[39m [BATCH_DATA] Success response: {"success":true}
[90m2025-09-15T18:57:32.477Z[39m [32mDEBUG[39m [97m@wdio/browserstack-service[39m callback: marking events success 3
[90m2025-09-15T18:57:32.945Z[39m [32mDEBUG[39m [97m@wdio/browserstack-service[39m Added data to request queue. Queue length = 2
[90m2025-09-15T18:57:33.500Z[39m [32mDEBUG[39m [97m@wdio/browserstack-service[39m Added data to request queue. Queue length = 3
[90m2025-09-15T18:57:34.051Z[39m [32mDEBUG[39m [97m@wdio/browserstack-service[39m Added data to request queue. Queue length = 4
[90m2025-09-15T18:57:34.263Z[39m [32mDEBUG[39m [97m@wdio/browserstack-service[39m Sending data from request queue. Data length = 4, Queue length after removal = 0
[90m2025-09-15T18:57:34.263Z[39m [32mDEBUG[39m [97m@wdio/browserstack-service[39m calling callback with kind INTERVAL_QUEUE
[90m2025-09-15T18:57:34.263Z[39m [32mDEBUG[39m [97m@wdio/browserstack-service[39m callback: called with events 4
[90m2025-09-15T18:57:34.440Z[39m [32mDEBUG[39m [97m@wdio/browserstack-service[39m [BATCH_DATA] Success response: {"success":true}
[90m2025-09-15T18:57:34.440Z[39m [32mDEBUG[39m [97m@wdio/browserstack-service[39m callback: marking events success 4
[90m2025-09-15T18:57:34.600Z[39m [32mDEBUG[39m [97m@wdio/browserstack-service[39m Added data to request queue. Queue length = 1
[90m2025-09-15T18:57:35.148Z[39m [32mDEBUG[39m [97m@wdio/browserstack-service[39m Added data to request queue. Queue length = 2
[90m2025-09-15T18:57:35.695Z[39m [32mDEBUG[39m [97m@wdio/browserstack-service[39m Added data to request queue. Queue length = 3
[90m2025-09-15T18:57:36.224Z[39m [32mDEBUG[39m [97m@wdio/browserstack-service[39m Added data to request queue. Queue length = 4
[90m2025-09-15T18:57:36.264Z[39m [32mDEBUG[39m [97m@wdio/browserstack-service[39m Sending data from request queue. Data length = 4, Queue length after removal = 0
[90m2025-09-15T18:57:36.264Z[39m [32mDEBUG[39m [97m@wdio/browserstack-service[39m calling callback with kind INTERVAL_QUEUE
[90m2025-09-15T18:57:36.264Z[39m [32mDEBUG[39m [97m@wdio/browserstack-service[39m callback: called with events 4
[90m2025-09-15T18:57:36.545Z[39m [32mDEBUG[39m [97m@wdio/browserstack-service[39m [BATCH_DATA] Success response: {"success":true}
[90m2025-09-15T18:57:36.545Z[39m [32mDEBUG[39m [97m@wdio/browserstack-service[39m callback: marking events success 4
[90m2025-09-15T18:57:36.783Z[39m [32mDEBUG[39m [97m@wdio/browserstack-service[39m Added data to request queue. Queue length = 1
[90m2025-09-15T18:57:37.326Z[39m [32mDEBUG[39m [97m@wdio/browserstack-service[39m Added data to request queue. Queue length = 2
[90m2025-09-15T18:57:37.875Z[39m [32mDEBUG[39m [97m@wdio/browserstack-service[39m Added data to request queue. Queue length = 3
[90m2025-09-15T18:57:38.264Z[39m [32mDEBUG[39m [97m@wdio/browserstack-service[39m Sending data from request queue. Data length = 3, Queue length after removal = 0
[90m2025-09-15T18:57:38.264Z[39m [32mDEBUG[39m [97m@wdio/browserstack-service[39m calling callback with kind INTERVAL_QUEUE
[90m2025-09-15T18:57:38.264Z[39m [32mDEBUG[39m [97m@wdio/browserstack-service[39m callback: called with events 3
[90m2025-09-15T18:57:38.424Z[39m [32mDEBUG[39m [97m@wdio/browserstack-service[39m Added data to request queue. Queue length = 1
[90m2025-09-15T18:57:38.449Z[39m [32mDEBUG[39m [97m@wdio/browserstack-service[39m [BATCH_DATA] Success response: {"success":true}
[90m2025-09-15T18:57:38.449Z[39m [32mDEBUG[39m [97m@wdio/browserstack-service[39m callback: marking events success 3
[90m2025-09-15T18:57:39.000Z[39m [32mDEBUG[39m [97m@wdio/browserstack-service[39m Added data to request queue. Queue length = 2
[90m2025-09-15T18:57:39.540Z[39m [32mDEBUG[39m [97m@wdio/browserstack-service[39m Added data to request queue. Queue length = 3
[90m2025-09-15T18:57:40.090Z[39m [32mDEBUG[39m [97m@wdio/browserstack-service[39m Added data to request queue. Queue length = 4
[90m2025-09-15T18:57:40.264Z[39m [32mDEBUG[39m [97m@wdio/browserstack-service[39m Sending data from request queue. Data length = 4, Queue length after removal = 0
[90m2025-09-15T18:57:40.265Z[39m [32mDEBUG[39m [97m@wdio/browserstack-service[39m calling callback with kind INTERVAL_QUEUE
[90m2025-09-15T18:57:40.265Z[39m [32mDEBUG[39m [97m@wdio/browserstack-service[39m callback: called with events 4
[90m2025-09-15T18:57:40.459Z[39m [32mDEBUG[39m [97m@wdio/browserstack-service[39m [BATCH_DATA] Success response: {"success":true}
[90m2025-09-15T18:57:40.460Z[39m [32mDEBUG[39m [97m@wdio/browserstack-service[39m callback: marking events success 4
[90m2025-09-15T18:57:40.639Z[39m [32mDEBUG[39m [97m@wdio/browserstack-service[39m Added data to request queue. Queue length = 1
[90m2025-09-15T18:57:41.176Z[39m [32mDEBUG[39m [97m@wdio/browserstack-service[39m Added data to request queue. Queue length = 2
[90m2025-09-15T18:57:41.716Z[39m [32mDEBUG[39m [97m@wdio/browserstack-service[39m Added data to request queue. Queue length = 3
[90m2025-09-15T18:57:42.265Z[39m [32mDEBUG[39m [97m@wdio/browserstack-service[39m Sending data from request queue. Data length = 3, Queue length after removal = 0
[90m2025-09-15T18:57:42.265Z[39m [32mDEBUG[39m [97m@wdio/browserstack-service[39m calling callback with kind INTERVAL_QUEUE
[90m2025-09-15T18:57:42.265Z[39m [32mDEBUG[39m [97m@wdio/browserstack-service[39m callback: called with events 3
[90m2025-09-15T18:57:42.273Z[39m [32mDEBUG[39m [97m@wdio/browserstack-service[39m Added data to request queue. Queue length = 1
[90m2025-09-15T18:57:42.444Z[39m [32mDEBUG[39m [97m@wdio/browserstack-service[39m [BATCH_DATA] Success response: {"success":true}
[90m2025-09-15T18:57:42.444Z[39m [32mDEBUG[39m [97m@wdio/browserstack-service[39m callback: marking events success 3
[90m2025-09-15T18:57:42.815Z[39m [32mDEBUG[39m [97m@wdio/browserstack-service[39m Added data to request queue. Queue length = 2
[90m2025-09-15T18:57:43.207Z[39m [32mDEBUG[39m [97m@wdio/browserstack-service[39m Added data to request queue. Queue length = 3
[90m2025-09-15T18:57:43.207Z[39m [32mDEBUG[39m [97m@wdio/browserstack-service[39m Got platformVersion from user bstack options
[90m2025-09-15T18:57:43.208Z[39m [32mDEBUG[39m [97m@wdio/browserstack-service[39m Added data to request queue. Queue length = 4
[90m2025-09-15T18:57:43.209Z[39m [96mINFO[39m [97m@wdio/browserstack-service[39m Update job with sessionId 6abf4ba213981d836552755ee0e149a39a9fef3b
[90m2025-09-15T18:57:43.209Z[39m [32mDEBUG[39m [97m@wdio/browserstack-service[39m Updating Browserstack session at https://api-cloud.browserstack.com/app-automate/sessions/6abf4ba213981d836552755ee0e149a39a9fef3b.json with request body: 
[90m2025-09-15T18:57:44.266Z[39m [32mDEBUG[39m [97m@wdio/browserstack-service[39m Sending data from request queue. Data length = 4, Queue length after removal = 0
[90m2025-09-15T18:57:44.266Z[39m [32mDEBUG[39m [97m@wdio/browserstack-service[39m calling callback with kind INTERVAL_QUEUE
[90m2025-09-15T18:57:44.266Z[39m [32mDEBUG[39m [97m@wdio/browserstack-service[39m callback: called with events 4
[90m2025-09-15T18:57:44.444Z[39m [32mDEBUG[39m [97m@wdio/browserstack-service[39m [BATCH_DATA] Success response: {"success":true}
[90m2025-09-15T18:57:44.444Z[39m [32mDEBUG[39m [97m@wdio/browserstack-service[39m callback: marking events success 4
[90m2025-09-15T18:57:44.951Z[39m [32mDEBUG[39m [97m@wdio/browserstack-service[39m Got platformVersion from user bstack options
[90m2025-09-15T18:57:44.951Z[39m [32mDEBUG[39m [97m@wdio/browserstack-service[39m Added data to request queue. Queue length = 1
[90m2025-09-15T18:57:46.267Z[39m [32mDEBUG[39m [97m@wdio/browserstack-service[39m Sending data from request queue. Data length = 1, Queue length after removal = 0
[90m2025-09-15T18:57:46.267Z[39m [32mDEBUG[39m [97m@wdio/browserstack-service[39m calling callback with kind INTERVAL_QUEUE
[90m2025-09-15T18:57:46.267Z[39m [32mDEBUG[39m [97m@wdio/browserstack-service[39m callback: called with events 1
[90m2025-09-15T18:57:46.447Z[39m [32mDEBUG[39m [97m@wdio/browserstack-service[39m [BATCH_DATA] Success response: {"success":true}
[90m2025-09-15T18:57:46.447Z[39m [32mDEBUG[39m [97m@wdio/browserstack-service[39m callback: marking events success 1
[90m2025-09-15T18:57:46.479Z[39m [32mDEBUG[39m [97m@wdio/browserstack-service[39m Added data to request queue. Queue length = 1
[90m2025-09-15T18:57:47.054Z[39m [32mDEBUG[39m [97m@wdio/browserstack-service[39m Added data to request queue. Queue length = 2
[90m2025-09-15T18:57:47.500Z[39m [32mDEBUG[39m [97m@wdio/browserstack-service[39m Added data to request queue. Queue length = 3
[90m2025-09-15T18:57:48.268Z[39m [32mDEBUG[39m [97m@wdio/browserstack-service[39m Sending data from request queue. Data length = 3, Queue length after removal = 0
[90m2025-09-15T18:57:48.268Z[39m [32mDEBUG[39m [97m@wdio/browserstack-service[39m calling callback with kind INTERVAL_QUEUE
[90m2025-09-15T18:57:48.268Z[39m [32mDEBUG[39m [97m@wdio/browserstack-service[39m callback: called with events 3
[90m2025-09-15T18:57:48.471Z[39m [32mDEBUG[39m [97m@wdio/browserstack-service[39m [BATCH_DATA] Success response: {"success":true}
[90m2025-09-15T18:57:48.472Z[39m [32mDEBUG[39m [97m@wdio/browserstack-service[39m callback: marking events success 3
[90m2025-09-15T18:57:48.780Z[39m [32mDEBUG[39m [97m@wdio/browserstack-service[39m Added data to request queue. Queue length = 1
[90m2025-09-15T18:57:50.225Z[39m [32mDEBUG[39m [97m@wdio/browserstack-service[39m Added data to request queue. Queue length = 2
[90m2025-09-15T18:57:50.269Z[39m [32mDEBUG[39m [97m@wdio/browserstack-service[39m Sending data from request queue. Data length = 2, Queue length after removal = 0
[90m2025-09-15T18:57:50.269Z[39m [32mDEBUG[39m [97m@wdio/browserstack-service[39m calling callback with kind INTERVAL_QUEUE
[90m2025-09-15T18:57:50.269Z[39m [32mDEBUG[39m [97m@wdio/browserstack-service[39m callback: called with events 2
[90m2025-09-15T18:57:50.454Z[39m [32mDEBUG[39m [97m@wdio/browserstack-service[39m [BATCH_DATA] Success response: {"success":true}
[90m2025-09-15T18:57:50.454Z[39m [32mDEBUG[39m [97m@wdio/browserstack-service[39m callback: marking events success 2
[90m2025-09-15T18:57:50.566Z[39m [32mDEBUG[39m [97m@wdio/browserstack-service[39m Added data to request queue. Queue length = 1
[90m2025-09-15T18:57:50.897Z[39m [32mDEBUG[39m [97m@wdio/browserstack-service[39m Added data to request queue. Queue length = 2
[90m2025-09-15T18:57:51.195Z[39m [32mDEBUG[39m [97m@wdio/browserstack-service[39m Added data to request queue. Queue length = 3
[90m2025-09-15T18:57:51.489Z[39m [32mDEBUG[39m [97m@wdio/browserstack-service[39m Added data to request queue. Queue length = 4
[90m2025-09-15T18:57:51.787Z[39m [32mDEBUG[39m [97m@wdio/browserstack-service[39m Added data to request queue. Queue length = 5
[90m2025-09-15T18:57:52.269Z[39m [32mDEBUG[39m [97m@wdio/browserstack-service[39m Sending data from request queue. Data length = 5, Queue length after removal = 0
[90m2025-09-15T18:57:52.270Z[39m [32mDEBUG[39m [97m@wdio/browserstack-service[39m calling callback with kind INTERVAL_QUEUE
[90m2025-09-15T18:57:52.270Z[39m [32mDEBUG[39m [97m@wdio/browserstack-service[39m callback: called with events 5
[90m2025-09-15T18:57:52.490Z[39m [32mDEBUG[39m [97m@wdio/browserstack-service[39m [BATCH_DATA] Success response: {"success":true}
[90m2025-09-15T18:57:52.490Z[39m [32mDEBUG[39m [97m@wdio/browserstack-service[39m callback: marking events success 5
[90m2025-09-15T18:58:05.568Z[39m [32mDEBUG[39m [97m@wdio/browserstack-service[39m Added data to request queue. Queue length = 1
[90m2025-09-15T18:58:06.274Z[39m [32mDEBUG[39m [97m@wdio/browserstack-service[39m Sending data from request queue. Data length = 1, Queue length after removal = 0
[90m2025-09-15T18:58:06.274Z[39m [32mDEBUG[39m [97m@wdio/browserstack-service[39m calling callback with kind INTERVAL_QUEUE
[90m2025-09-15T18:58:06.274Z[39m [32mDEBUG[39m [97m@wdio/browserstack-service[39m callback: called with events 1
[90m2025-09-15T18:58:07.082Z[39m [32mDEBUG[39m [97m@wdio/browserstack-service[39m [BATCH_DATA] Success response: {"success":true}
[90m2025-09-15T18:58:07.082Z[39m [32mDEBUG[39m [97m@wdio/browserstack-service[39m callback: marking events success 1
[90m2025-09-15T18:58:51.791Z[39m [32mDEBUG[39m [97m@wdio/browserstack-service[39m Added data to request queue. Queue length = 1
[90m2025-09-15T18:58:52.287Z[39m [32mDEBUG[39m [97m@wdio/browserstack-service[39m Sending data from request queue. Data length = 1, Queue length after removal = 0
[90m2025-09-15T18:58:52.287Z[39m [32mDEBUG[39m [97m@wdio/browserstack-service[39m calling callback with kind INTERVAL_QUEUE
[90m2025-09-15T18:58:52.287Z[39m [32mDEBUG[39m [97m@wdio/browserstack-service[39m callback: called with events 1
[90m2025-09-15T18:58:53.163Z[39m [32mDEBUG[39m [97m@wdio/browserstack-service[39m [BATCH_DATA] Success response: {"success":true}
[90m2025-09-15T18:58:53.163Z[39m [32mDEBUG[39m [97m@wdio/browserstack-service[39m callback: marking events success 1
[90m2025-09-15T18:59:05.570Z[39m [32mDEBUG[39m [97m@wdio/browserstack-service[39m Added data to request queue. Queue length = 1
[90m2025-09-15T18:59:05.571Z[39m [32mDEBUG[39m [97m@wdio/browserstack-service[39m Added data to request queue. Queue length = 2
[90m2025-09-15T18:59:06.290Z[39m [32mDEBUG[39m [97m@wdio/browserstack-service[39m Sending data from request queue. Data length = 2, Queue length after removal = 0
[90m2025-09-15T18:59:06.290Z[39m [32mDEBUG[39m [97m@wdio/browserstack-service[39m calling callback with kind INTERVAL_QUEUE
[90m2025-09-15T18:59:06.290Z[39m [32mDEBUG[39m [97m@wdio/browserstack-service[39m callback: called with events 2
[90m2025-09-15T18:59:06.971Z[39m [32mDEBUG[39m [97m@wdio/browserstack-service[39m [BATCH_DATA] Success response: {"success":true}
[90m2025-09-15T18:59:06.971Z[39m [32mDEBUG[39m [97m@wdio/browserstack-service[39m callback: marking events success 2
[90m2025-09-15T19:00:05.573Z[39m [32mDEBUG[39m [97m@wdio/browserstack-service[39m Added data to request queue. Queue length = 1
[90m2025-09-15T19:00:05.573Z[39m [32mDEBUG[39m [97m@wdio/browserstack-service[39m Added data to request queue. Queue length = 2
[90m2025-09-15T19:00:06.309Z[39m [32mDEBUG[39m [97m@wdio/browserstack-service[39m Sending data from request queue. Data length = 2, Queue length after removal = 0
[90m2025-09-15T19:00:06.309Z[39m [32mDEBUG[39m [97m@wdio/browserstack-service[39m calling callback with kind INTERVAL_QUEUE
[90m2025-09-15T19:00:06.309Z[39m [32mDEBUG[39m [97m@wdio/browserstack-service[39m callback: called with events 2
[90m2025-09-15T19:00:07.129Z[39m [32mDEBUG[39m [97m@wdio/browserstack-service[39m [BATCH_DATA] Success response: {"success":true}
[90m2025-09-15T19:00:07.129Z[39m [32mDEBUG[39m [97m@wdio/browserstack-service[39m callback: marking events success 2
[90m2025-09-15T19:01:05.575Z[39m [32mDEBUG[39m [97m@wdio/browserstack-service[39m Added data to request queue. Queue length = 1
[90m2025-09-15T19:01:05.629Z[39m [32mDEBUG[39m [97m@wdio/browserstack-service[39m Accessibility after test hook. Before sending test stop event
[90m2025-09-15T19:01:05.629Z[39m [32mDEBUG[39m [97m@wdio/browserstack-service[39m Got platformVersion from user bstack options
[90m2025-09-15T19:01:05.630Z[39m [32mDEBUG[39m [97m@wdio/browserstack-service[39m Added data to request queue. Queue length = 2
[90m2025-09-15T19:01:05.638Z[39m [96mINFO[39m [97m@wdio/browserstack-service[39m Update job with sessionId 6abf4ba213981d836552755ee0e149a39a9fef3b
[90m2025-09-15T19:01:05.638Z[39m [32mDEBUG[39m [97m@wdio/browserstack-service[39m Updating Browserstack session at https://api-cloud.browserstack.com/app-automate/sessions/6abf4ba213981d836552755ee0e149a39a9fef3b.json with request body: 
[90m2025-09-15T19:01:06.326Z[39m [32mDEBUG[39m [97m@wdio/browserstack-service[39m Sending data from request queue. Data length = 2, Queue length after removal = 0
[90m2025-09-15T19:01:06.326Z[39m [32mDEBUG[39m [97m@wdio/browserstack-service[39m calling callback with kind INTERVAL_QUEUE
[90m2025-09-15T19:01:06.326Z[39m [32mDEBUG[39m [97m@wdio/browserstack-service[39m callback: called with events 2
[90m2025-09-15T19:01:07.147Z[39m [32mDEBUG[39m [97m@wdio/browserstack-service[39m [BATCH_DATA] Success response: {"success":true}
[90m2025-09-15T19:01:07.147Z[39m [32mDEBUG[39m [97m@wdio/browserstack-service[39m callback: marking events success 2
[90m2025-09-15T19:01:07.199Z[39m [32mDEBUG[39m [97m@wdio/browserstack-service[39m teardown started
[90m2025-09-15T19:01:07.200Z[39m [32mDEBUG[39m [97m@wdio/browserstack-service[39m shutdown started
[90m2025-09-15T19:01:07.200Z[39m [32mDEBUG[39m [97m@wdio/browserstack-service[39m Shutting down request queue
[90m2025-09-15T19:01:07.200Z[39m [32mDEBUG[39m [97m@wdio/browserstack-service[39m shutdown ended
[90m2025-09-15T19:01:07.200Z[39m [32mDEBUG[39m [97m@wdio/browserstack-service[39m teardown ended
[90m2025-09-15T19:01:08.788Z[39m [32mDEBUG[39m [97m@wdio/browserstack-service[39m Added data to request queue. Queue length = 1
[90m2025-09-15T19:01:08.788Z[39m [32mDEBUG[39m [97m@wdio/browserstack-service[39m Force request-queue shutdown, as test run event is received after teardown
[90m2025-09-15T19:01:08.788Z[39m [32mDEBUG[39m [97m@wdio/browserstack-service[39m Sending data from request queue. Data length = 1, Queue length after removal = 0
[90m2025-09-15T19:01:08.788Z[39m [32mDEBUG[39m [97m@wdio/browserstack-service[39m calling callback with kind INTERVAL_QUEUE
[90m2025-09-15T19:01:08.788Z[39m [32mDEBUG[39m [97m@wdio/browserstack-service[39m callback: called with events 1
[90m2025-09-15T19:01:09.164Z[39m [32mDEBUG[39m [97m@wdio/browserstack-service[39m Inside OnComplete hook..
[90m2025-09-15T19:01:09.164Z[39m [32mDEBUG[39m [97m@wdio/browserstack-service[39m Sending stop launch event
[90m2025-09-15T19:01:09.948Z[39m [32mDEBUG[39m [97m@wdio/browserstack-service[39m [STOP_BUILD] Success response: 
[90m2025-09-15T19:01:09.949Z[39m [96mINFO[39m [97m@wdio/browserstack-service[39m BrowserStack service run ended for id: 9d71d710-cd61-460a-81fb-e7f2b47d9cbb testhub id: 1rvngl27uyrh2v9sbragqflytrforto2tclwietm
[90m2025-09-15T19:01:09.950Z[39m [32mDEBUG[39m [97m@wdio/browserstack-service[39m Reading worker file worker-data-7076.json
[90m2025-09-15T19:01:09.951Z[39m [32mDEBUG[39m [97m@wdio/browserstack-service[39m Sending SDK event with data {
  userName: '[REDACTED]',
  accessKey: '[REDACTED]',
  event_type: 'SDKTestSuccessful',
  detectedFramework: 'WebdriverIO-mocha',
  event_properties: {
    sdkRunId: '9d71d710-cd61-460a-81fb-e7f2b47d9cbb',
    testhub_uuid: '1rvngl27uyrh2v9sbragqflytrforto2tclwietm',
    language_framework: 'WebdriverIO_mocha',
    referrer: 'WebdriverIO-mocha/9.19.1',
    language: 'WebdriverIO',
    languageVersion: 'v22.15.0',
    buildName: 'e2e tests',
    buildIdentifier: 'undefined',
    os: 'Linux',
    hostname: 'Mariano',
    productMap: {
      observability: true,
      accessibility: null,
      percy: false,
      automate: true,
      app_automate: false
    },
    product: [ 'observability', 'automate' ],
    framework: 'mocha',
    productUsage: {
      testObservability: {
        enabled: true,
        manuallySet: true,
        buildHashedId: '1rvngl27uyrh2v9sbragqflytrforto2tclwietm',
        events: {
          buildEvents: {
            started: { isTriggered: true, status: 'success', error: undefined },
            finished: { isTriggered: true, status: 'success', error: undefined }
          },
          testEvents: {
            started: { triggeredCount: 1, sentCount: 1, failedCount: 0 },
            finished: { triggeredCount: 1, sentCount: 1, failedCount: 0 },
            failed: { triggeredCount: 1, sentCount: 1, failedCount: 0 }
          },
          hookEvents: {
            started: { triggeredCount: 1, sentCount: 1, failedCount: 0 },
            finished: { triggeredCount: 1, sentCount: 1, failedCount: 0 },
            passed: { triggeredCount: 1, sentCount: 1, failedCount: 0 }
          },
          logEvents: {
            triggeredCount: 154,
            sentCount: 154,
            failedCount: 0,
            http: { triggeredCount: 150, sentCount: 150, failedCount: 0 },
            log: { triggeredCount: 4, sentCount: 4, failedCount: 0 }
          },
          cbtSessionEvents: { triggeredCount: 0, sentCount: 0, failedCount: 0 }
        }
      }
    }
  }
}
[90m2025-09-15T19:01:10.729Z[39m [32mDEBUG[39m [97m@wdio/browserstack-service[39m Funnel Event Response: "{\"message\":\"SDK Event recorded successfully\"}"
[90m2025-09-15T19:01:10.729Z[39m [32mDEBUG[39m [97m@wdio/browserstack-service[39m Funnel event success
[90m2025-09-15T19:01:11.795Z[39m [96mINFO[39m [97m@wdio/browserstack-service[39m Upload response: {
  "status": "success",
  "message": "Logs upload successful in file - logs.gz"
}
[90m2025-09-15T19:01:13.209Z[39m [32mDEBUG[39m [97m@wdio/browserstack-service[39m Successfully uploaded performance events Bravo
